{"C:\\Users\\kasen\\Desktop\\MERN\\Week 6 rec - Testing + Debugging\\week-6-test-debug-assignment-Tsie23\\client\\src\\components\\Button.jsx": {"path":"C:\\Users\\kasen\\Desktop\\MERN\\Week 6 rec - Testing + Debugging\\week-6-test-debug-assignment-Tsie23\\client\\src\\components\\Button.jsx","statementMap":{"0":{"start":{"line":3,"column":15},"end":{"line":24,"column":1}},"1":{"start":{"line":11,"column":18},"end":{"line":17,"column":29}},"2":{"start":{"line":19,"column":2},"end":{"line":23,"column":4}}},"fnMap":{"0":{"name":"(anonymous_0)","decl":{"start":{"line":3,"column":15},"end":{"line":3,"column":16}},"loc":{"start":{"line":10,"column":6},"end":{"line":24,"column":1}},"line":10}},"branchMap":{"0":{"loc":{"start":{"line":4,"column":2},"end":{"line":4,"column":21}},"type":"default-arg","locations":[{"start":{"line":4,"column":12},"end":{"line":4,"column":21}}],"line":4},"1":{"loc":{"start":{"line":5,"column":2},"end":{"line":5,"column":13}},"type":"default-arg","locations":[{"start":{"line":5,"column":9},"end":{"line":5,"column":13}}],"line":5},"2":{"loc":{"start":{"line":6,"column":2},"end":{"line":6,"column":18}},"type":"default-arg","locations":[{"start":{"line":6,"column":13},"end":{"line":6,"column":18}}],"line":6},"3":{"loc":{"start":{"line":7,"column":2},"end":{"line":7,"column":16}},"type":"default-arg","locations":[{"start":{"line":7,"column":14},"end":{"line":7,"column":16}}],"line":7},"4":{"loc":{"start":{"line":15,"column":4},"end":{"line":15,"column":34}},"type":"cond-expr","locations":[{"start":{"line":15,"column":15},"end":{"line":15,"column":29}},{"start":{"line":15,"column":32},"end":{"line":15,"column":34}}],"line":15}},"s":{"0":2,"1":13,"2":13},"f":{"0":13},"b":{"0":[10],"1":[10],"2":[11],"3":[12],"4":[2,11]},"_coverageSchema":"1a1c01bbd47fc00a2c39e90264f33305004495a9","hash":"f3375376c4bde89d4124dbf2f18ca3f0063add0a"}
,"C:\\Users\\kasen\\Desktop\\MERN\\Week 6 rec - Testing + Debugging\\week-6-test-debug-assignment-Tsie23\\client\\src\\pages\\Home.jsx": {"path":"C:\\Users\\kasen\\Desktop\\MERN\\Week 6 rec - Testing + Debugging\\week-6-test-debug-assignment-Tsie23\\client\\src\\pages\\Home.jsx","statementMap":{"0":{"start":{"line":4,"column":13},"end":{"line":9,"column":1}},"1":{"start":{"line":5,"column":2},"end":{"line":8,"column":8}}},"fnMap":{"0":{"name":"(anonymous_0)","decl":{"start":{"line":4,"column":13},"end":{"line":4,"column":14}},"loc":{"start":{"line":5,"column":2},"end":{"line":8,"column":8}},"line":5}},"branchMap":{},"s":{"0":1,"1":1},"f":{"0":1},"b":{},"_coverageSchema":"1a1c01bbd47fc00a2c39e90264f33305004495a9","hash":"fa17d9332ff364c0d72c92be61b8ae224c9b13b1"}
}
